[2018-08-05 12:03:27,193] ERROR {org.ballerinalang.net.http.HttpConnectorPortBindingListener} - Error in http endpoint 
java.net.BindException: Address already in use
	at sun.nio.ch.Net.bind0(Native Method)
	at sun.nio.ch.Net.bind(Net.java:433)
	at sun.nio.ch.Net.bind(Net.java:425)
	at sun.nio.ch.ServerSocketChannelImpl.bind(ServerSocketChannelImpl.java:223)
	at io.netty.channel.socket.nio.NioServerSocketChannel.doBind(NioServerSocketChannel.java:128)
	at io.netty.channel.AbstractChannel$AbstractUnsafe.bind(AbstractChannel.java:558)
	at io.netty.channel.DefaultChannelPipeline$HeadContext.bind(DefaultChannelPipeline.java:1283)
	at io.netty.channel.AbstractChannelHandlerContext.invokeBind(AbstractChannelHandlerContext.java:501)
	at io.netty.channel.AbstractChannelHandlerContext.bind(AbstractChannelHandlerContext.java:486)
	at io.netty.channel.DefaultChannelPipeline.bind(DefaultChannelPipeline.java:989)
	at io.netty.channel.AbstractChannel.bind(AbstractChannel.java:254)
	at io.netty.bootstrap.AbstractBootstrap$2.run(AbstractBootstrap.java:364)
	at io.netty.util.concurrent.AbstractEventExecutor.safeExecute(AbstractEventExecutor.java:163)
	at io.netty.util.concurrent.SingleThreadEventExecutor.runAllTasks(SingleThreadEventExecutor.java:404)
	at io.netty.channel.nio.NioEventLoop.run(NioEventLoop.java:463)
	at io.netty.util.concurrent.SingleThreadEventExecutor$5.run(SingleThreadEventExecutor.java:886)
	at io.netty.util.concurrent.FastThreadLocalRunnable.run(FastThreadLocalRunnable.java:30)
	at java.lang.Thread.run(Thread.java:748)
 
[2018-08-05 12:04:27,538] ERROR {org.wso2.transport.http.netty.sender.TargetErrorHandler} - Error in HTTP client: Idle timeout triggered before initiating inbound response  
[2018-08-05 12:07:01,052] ERROR {org.wso2.transport.http.netty.sender.TargetErrorHandler} - Error in HTTP client: Idle timeout triggered before initiating inbound response  
[2018-08-05 12:07:01,867] ERROR {org.wso2.transport.http.netty.sender.TargetErrorHandler} - Error in HTTP client: Idle timeout triggered before initiating inbound response  
[2018-08-05 12:07:07,253] ERROR {org.wso2.transport.http.netty.sender.TargetErrorHandler} - Error in HTTP client: Idle timeout triggered before initiating inbound response  
[2018-08-05 12:07:08,005] ERROR {org.wso2.transport.http.netty.sender.TargetErrorHandler} - Error in HTTP client: Idle timeout triggered before initiating inbound response  
[2018-08-05 12:08:36,442] ERROR {org.wso2.transport.http.netty.sender.TargetErrorHandler} - Error in HTTP client: Idle timeout triggered before initiating inbound response  
[2018-08-05 12:09:48,967] ERROR {org.wso2.transport.http.netty.sender.TargetErrorHandler} - Error in HTTP client: Idle timeout triggered before initiating inbound response  
[2018-08-05 12:09:54,314] ERROR {org.wso2.transport.http.netty.sender.TargetErrorHandler} - Error in HTTP client: Idle timeout triggered before initiating inbound response  
[2018-08-05 12:09:54,996] ERROR {org.wso2.transport.http.netty.sender.TargetErrorHandler} - Error in HTTP client: Idle timeout triggered before initiating inbound response  
[2018-08-05 12:10:15,971] ERROR {org.wso2.transport.http.netty.sender.TargetErrorHandler} - Error in HTTP client: Idle timeout triggered before initiating inbound response  
[2018-08-05 12:10:52,736] ERROR {org.wso2.transport.http.netty.sender.TargetErrorHandler} - Error in HTTP client: Idle timeout triggered before initiating inbound response  
[2018-08-05 12:11:03,563] ERROR {org.wso2.transport.http.netty.sender.TargetErrorHandler} - Error in HTTP client: Idle timeout triggered before initiating inbound response  
[2018-08-06 00:14:37,093] ERROR {org.wso2.transport.http.netty.sender.TargetErrorHandler} - Error in HTTP client: Idle timeout triggered before initiating inbound response  
[2018-08-06 00:16:10,241] ERROR {org.wso2.transport.http.netty.sender.TargetErrorHandler} - Error in HTTP client: Idle timeout triggered before initiating inbound response  
[2018-08-06 00:17:54,182] ERROR {org.wso2.transport.http.netty.sender.TargetErrorHandler} - Error in HTTP client: Idle timeout triggered before initiating inbound response  
[2018-08-06 00:18:08,891] ERROR {org.wso2.transport.http.netty.sender.TargetErrorHandler} - Error in HTTP client: Idle timeout triggered before initiating inbound response  
[2018-08-06 00:18:25,773] ERROR {org.wso2.transport.http.netty.sender.TargetErrorHandler} - Error in HTTP client: Idle timeout triggered before initiating inbound response  
[2018-08-06 00:18:40,305] ERROR {org.wso2.transport.http.netty.sender.TargetErrorHandler} - Error in HTTP client: Idle timeout triggered before initiating inbound response  
[2018-08-06 00:18:55,001] ERROR {org.wso2.transport.http.netty.sender.TargetErrorHandler} - Error in HTTP client: Idle timeout triggered before initiating inbound response  
[2018-08-06 00:23:18,535] ERROR {org.wso2.transport.http.netty.sender.TargetErrorHandler} - Error in HTTP client: Idle timeout triggered before initiating inbound response  
